<?xml version="1.0" encoding="UTF-8" standalone="no"?>
<testsuite errors="0" failures="0" name="io.cucumber.core.plugin.JUnitFormatter" skipped="0" tests="4" time="199.598">
    <testcase classname="feature to test contact home page" name="Check get Started before signing in link function" time="42.136">
        <system-out><![CDATA[Given user is on the contact landing page...................................passed
And user accepts cookies....................................................passed
And user checks for the headers presence....................................passed
Then user clicks on the the get started before signing in link..............passed
Then user is taken to choose products page..................................passed
]]></system-out>
    </testcase>
    <testcase classname="feature to test contact home page" name="Check the Quick links" time="69.737">
        <system-out><![CDATA[Given user is on the contact landing page...................................passed
And user accepts cookies....................................................passed
And user checks for the headers presence....................................passed
Then Quick link section is visible irrespective of user state...............passed
]]></system-out>
    </testcase>
    <testcase classname="feature to test contact home page" name="Signin to HP Account" time="35.658">
        <system-out><![CDATA[Given user is on the contact landing page...................................passed
And user accepts cookies....................................................passed
And user checks for the headers presence....................................passed
When user clicks on Signin button...........................................passed
And user enters valid login credentials.....................................passed
Then verify the contact logged in landing page is displayed.................passed
]]></system-out>
    </testcase>
    <testcase classname="feature to test contact home page" name="Validate Carousel images are loading fine" time="51.908">
        <system-out><![CDATA[Given user is on the contact landing page...................................passed
And user accepts cookies....................................................passed
And user checks for the headers presence....................................passed
Then carousel banner is present.............................................passed
]]></system-out>
    </testcase>
</testsuite>
